find_executable: checking for pg_config... -------------------- yes

--------------------

"clang -o conftest -I/Users/ryouhitoshiyao/.rbenv/versions/2.5.3/include/ruby-2.5.0/x86_64-darwin19 -I/Users/ryouhitoshiyao/.rbenv/versions/2.5.3/include/ruby-2.5.0/ruby/backward -I/Users/ryouhitoshiyao/.rbenv/versions/2.5.3/include/ruby-2.5.0 -I. -I/usr/local/include -I/Users/ryouhitoshiyao/.rbenv/versions/2.5.3/include  -D_XOPEN_SOURCE -D_DARWIN_C_SOURCE -D_DARWIN_UNLIMITED_SELECT -D_REENTRANT   -O3 -ggdb3 -Wall -Wextra -Wno-unused-parameter -Wno-parentheses -Wno-long-long -Wno-missing-field-initializers -Wno-tautological-compare -Wno-parentheses-equality -Wno-constant-logical-operand -Wno-self-assign -Wunused-variable -Wimplicit-int -Wpointer-arith -Wwrite-strings -Wdeclaration-after-statement -Wshorten-64-to-32 -Wimplicit-function-declaration -Wdivision-by-zero -Wdeprecated-declarations -Wextra-tokens  -pipe conftest.c  -L. -L/Users/ryouhitoshiyao/.rbenv/versions/2.5.3/lib -L/usr/local/lib -L. -L/Users/ryouhitoshiyao/.rbenv/versions/2.5.3/lib  -fstack-protector -L/usr/local/lib     -lruby.2.5.3-static -framework Foundation  -lpthread -lgmp -ldl -lobjc "
checked program was:
/* begin */
1: #include "ruby.h"
2: 
3: int main(int argc, char **argv)
4: {
5:   return 0;
6: }
/* end */

"clang -o conftest -I/Users/ryouhitoshiyao/.rbenv/versions/2.5.3/include/ruby-2.5.0/x86_64-darwin19 -I/Users/ryouhitoshiyao/.rbenv/versions/2.5.3/include/ruby-2.5.0/ruby/backward -I/Users/ryouhitoshiyao/.rbenv/versions/2.5.3/include/ruby-2.5.0 -I. -I/usr/local/include -I/Users/ryouhitoshiyao/.rbenv/versions/2.5.3/include  -D_XOPEN_SOURCE -D_DARWIN_C_SOURCE -D_DARWIN_UNLIMITED_SELECT -D_REENTRANT   -O3 -ggdb3 -Wall -Wextra -Wno-unused-parameter -Wno-parentheses -Wno-long-long -Wno-missing-field-initializers -Wno-tautological-compare -Wno-parentheses-equality -Wno-constant-logical-operand -Wno-self-assign -Wunused-variable -Wimplicit-int -Wpointer-arith -Wwrite-strings -Wdeclaration-after-statement -Wshorten-64-to-32 -Wimplicit-function-declaration -Wdivision-by-zero -Wdeprecated-declarations -Wextra-tokens  -pipe conftest.c  -L. -L/Users/ryouhitoshiyao/.rbenv/versions/2.5.3/lib -L/usr/local/lib -L. -L/Users/ryouhitoshiyao/.rbenv/versions/2.5.3/lib  -fstack-protector -L/usr/local/lib     -lruby.2.5.3-static -framework Foundation  -Wl,-rpath,/usr/local/lib -lpthread -lgmp -ldl -lobjc "
checked program was:
/* begin */
1: #include "ruby.h"
2: 
3: int main() {return 0;}
/* end */

find_header: checking for libpq-fe.h... -------------------- yes

"clang -E -I/Users/ryouhitoshiyao/.rbenv/versions/2.5.3/include/ruby-2.5.0/x86_64-darwin19 -I/Users/ryouhitoshiyao/.rbenv/versions/2.5.3/include/ruby-2.5.0/ruby/backward -I/Users/ryouhitoshiyao/.rbenv/versions/2.5.3/include/ruby-2.5.0 -I. -I/usr/local/include -I/Users/ryouhitoshiyao/.rbenv/versions/2.5.3/include  -D_XOPEN_SOURCE -D_DARWIN_C_SOURCE -D_DARWIN_UNLIMITED_SELECT -D_REENTRANT   -O3 -ggdb3 -Wall -Wextra -Wno-unused-parameter -Wno-parentheses -Wno-long-long -Wno-missing-field-initializers -Wno-tautological-compare -Wno-parentheses-equality -Wno-constant-logical-operand -Wno-self-assign -Wunused-variable -Wimplicit-int -Wpointer-arith -Wwrite-strings -Wdeclaration-after-statement -Wshorten-64-to-32 -Wimplicit-function-declaration -Wdivision-by-zero -Wdeprecated-declarations -Wextra-tokens  -pipe  conftest.c -o conftest.i"
checked program was:
/* begin */
1: #include "ruby.h"
2: 
3: #include <libpq-fe.h>
/* end */

--------------------

find_header: checking for libpq/libpq-fs.h... -------------------- yes

"clang -E -I/Users/ryouhitoshiyao/.rbenv/versions/2.5.3/include/ruby-2.5.0/x86_64-darwin19 -I/Users/ryouhitoshiyao/.rbenv/versions/2.5.3/include/ruby-2.5.0/ruby/backward -I/Users/ryouhitoshiyao/.rbenv/versions/2.5.3/include/ruby-2.5.0 -I. -I/usr/local/include -I/Users/ryouhitoshiyao/.rbenv/versions/2.5.3/include  -D_XOPEN_SOURCE -D_DARWIN_C_SOURCE -D_DARWIN_UNLIMITED_SELECT -D_REENTRANT   -O3 -ggdb3 -Wall -Wextra -Wno-unused-parameter -Wno-parentheses -Wno-long-long -Wno-missing-field-initializers -Wno-tautological-compare -Wno-parentheses-equality -Wno-constant-logical-operand -Wno-self-assign -Wunused-variable -Wimplicit-int -Wpointer-arith -Wwrite-strings -Wdeclaration-after-statement -Wshorten-64-to-32 -Wimplicit-function-declaration -Wdivision-by-zero -Wdeprecated-declarations -Wextra-tokens  -pipe  conftest.c -o conftest.i"
checked program was:
/* begin */
1: #include "ruby.h"
2: 
3: #include <libpq/libpq-fs.h>
/* end */

--------------------

find_header: checking for pg_config_manual.h... -------------------- yes

"clang -E -I/Users/ryouhitoshiyao/.rbenv/versions/2.5.3/include/ruby-2.5.0/x86_64-darwin19 -I/Users/ryouhitoshiyao/.rbenv/versions/2.5.3/include/ruby-2.5.0/ruby/backward -I/Users/ryouhitoshiyao/.rbenv/versions/2.5.3/include/ruby-2.5.0 -I. -I/usr/local/include -I/Users/ryouhitoshiyao/.rbenv/versions/2.5.3/include  -D_XOPEN_SOURCE -D_DARWIN_C_SOURCE -D_DARWIN_UNLIMITED_SELECT -D_REENTRANT   -O3 -ggdb3 -Wall -Wextra -Wno-unused-parameter -Wno-parentheses -Wno-long-long -Wno-missing-field-initializers -Wno-tautological-compare -Wno-parentheses-equality -Wno-constant-logical-operand -Wno-self-assign -Wunused-variable -Wimplicit-int -Wpointer-arith -Wwrite-strings -Wdeclaration-after-statement -Wshorten-64-to-32 -Wimplicit-function-declaration -Wdivision-by-zero -Wdeprecated-declarations -Wextra-tokens  -pipe  conftest.c -o conftest.i"
checked program was:
/* begin */
1: #include "ruby.h"
2: 
3: #include <pg_config_manual.h>
/* end */

--------------------

have_library: checking for PQconnectdb() in -lpq... -------------------- yes

"clang -o conftest -I/Users/ryouhitoshiyao/.rbenv/versions/2.5.3/include/ruby-2.5.0/x86_64-darwin19 -I/Users/ryouhitoshiyao/.rbenv/versions/2.5.3/include/ruby-2.5.0/ruby/backward -I/Users/ryouhitoshiyao/.rbenv/versions/2.5.3/include/ruby-2.5.0 -I. -I/usr/local/include -I/Users/ryouhitoshiyao/.rbenv/versions/2.5.3/include  -D_XOPEN_SOURCE -D_DARWIN_C_SOURCE -D_DARWIN_UNLIMITED_SELECT -D_REENTRANT   -O3 -ggdb3 -Wall -Wextra -Wno-unused-parameter -Wno-parentheses -Wno-long-long -Wno-missing-field-initializers -Wno-tautological-compare -Wno-parentheses-equality -Wno-constant-logical-operand -Wno-self-assign -Wunused-variable -Wimplicit-int -Wpointer-arith -Wwrite-strings -Wdeclaration-after-statement -Wshorten-64-to-32 -Wimplicit-function-declaration -Wdivision-by-zero -Wdeprecated-declarations -Wextra-tokens  -pipe conftest.c  -L. -L/Users/ryouhitoshiyao/.rbenv/versions/2.5.3/lib -L/usr/local/lib -L. -L/Users/ryouhitoshiyao/.rbenv/versions/2.5.3/lib  -fstack-protector -L/usr/local/lib -Wl,-rpath,/usr/local/lib     -lruby.2.5.3-static -framework Foundation -lpq  -lpthread -lgmp -ldl -lobjc "
checked program was:
/* begin */
 1: #include "ruby.h"
 2: 
 3: #include <libpq-fe.h>
 4: 
 5: /*top*/
 6: extern int t(void);
 7: int main(int argc, char **argv)
 8: {
 9:   if (argc > 1000000) {
10:     printf("%p", &t);
11:   }
12: 
13:   return 0;
14: }
15: int t(void) { void ((*volatile p)()); p = (void ((*)()))PQconnectdb; return !p; }
/* end */

--------------------

have_func: checking for PQsetSingleRowMode()... -------------------- yes

"clang -o conftest -I/Users/ryouhitoshiyao/.rbenv/versions/2.5.3/include/ruby-2.5.0/x86_64-darwin19 -I/Users/ryouhitoshiyao/.rbenv/versions/2.5.3/include/ruby-2.5.0/ruby/backward -I/Users/ryouhitoshiyao/.rbenv/versions/2.5.3/include/ruby-2.5.0 -I. -I/usr/local/include -I/Users/ryouhitoshiyao/.rbenv/versions/2.5.3/include  -D_XOPEN_SOURCE -D_DARWIN_C_SOURCE -D_DARWIN_UNLIMITED_SELECT -D_REENTRANT   -O3 -ggdb3 -Wall -Wextra -Wno-unused-parameter -Wno-parentheses -Wno-long-long -Wno-missing-field-initializers -Wno-tautological-compare -Wno-parentheses-equality -Wno-constant-logical-operand -Wno-self-assign -Wunused-variable -Wimplicit-int -Wpointer-arith -Wwrite-strings -Wdeclaration-after-statement -Wshorten-64-to-32 -Wimplicit-function-declaration -Wdivision-by-zero -Wdeprecated-declarations -Wextra-tokens  -pipe conftest.c  -L. -L/Users/ryouhitoshiyao/.rbenv/versions/2.5.3/lib -L/usr/local/lib -L. -L/Users/ryouhitoshiyao/.rbenv/versions/2.5.3/lib  -fstack-protector -L/usr/local/lib -Wl,-rpath,/usr/local/lib    -lpq  -lruby.2.5.3-static -framework Foundation -lpq  -lpthread -lgmp -ldl -lobjc "
conftest.c:13:57: error: use of undeclared identifier 'PQsetSingleRowMode'
int t(void) { void ((*volatile p)()); p = (void ((*)()))PQsetSingleRowMode; return !p; }
                                                        ^
1 error generated.
checked program was:
/* begin */
 1: #include "ruby.h"
 2: 
 3: /*top*/
 4: extern int t(void);
 5: int main(int argc, char **argv)
 6: {
 7:   if (argc > 1000000) {
 8:     printf("%p", &t);
 9:   }
10: 
11:   return 0;
12: }
13: int t(void) { void ((*volatile p)()); p = (void ((*)()))PQsetSingleRowMode; return !p; }
/* end */

"clang -o conftest -I/Users/ryouhitoshiyao/.rbenv/versions/2.5.3/include/ruby-2.5.0/x86_64-darwin19 -I/Users/ryouhitoshiyao/.rbenv/versions/2.5.3/include/ruby-2.5.0/ruby/backward -I/Users/ryouhitoshiyao/.rbenv/versions/2.5.3/include/ruby-2.5.0 -I. -I/usr/local/include -I/Users/ryouhitoshiyao/.rbenv/versions/2.5.3/include  -D_XOPEN_SOURCE -D_DARWIN_C_SOURCE -D_DARWIN_UNLIMITED_SELECT -D_REENTRANT   -O3 -ggdb3 -Wall -Wextra -Wno-unused-parameter -Wno-parentheses -Wno-long-long -Wno-missing-field-initializers -Wno-tautological-compare -Wno-parentheses-equality -Wno-constant-logical-operand -Wno-self-assign -Wunused-variable -Wimplicit-int -Wpointer-arith -Wwrite-strings -Wdeclaration-after-statement -Wshorten-64-to-32 -Wimplicit-function-declaration -Wdivision-by-zero -Wdeprecated-declarations -Wextra-tokens  -pipe conftest.c  -L. -L/Users/ryouhitoshiyao/.rbenv/versions/2.5.3/lib -L/usr/local/lib -L. -L/Users/ryouhitoshiyao/.rbenv/versions/2.5.3/lib  -fstack-protector -L/usr/local/lib -Wl,-rpath,/usr/local/lib    -lpq  -lruby.2.5.3-static -framework Foundation -lpq  -lpthread -lgmp -ldl -lobjc "
checked program was:
/* begin */
 1: #include "ruby.h"
 2: 
 3: /*top*/
 4: extern int t(void);
 5: int main(int argc, char **argv)
 6: {
 7:   if (argc > 1000000) {
 8:     printf("%p", &t);
 9:   }
10: 
11:   return 0;
12: }
13: extern void PQsetSingleRowMode();
14: int t(void) { PQsetSingleRowMode(); return 0; }
/* end */

--------------------

have_func: checking for PQconninfo()... -------------------- yes

"clang -o conftest -I/Users/ryouhitoshiyao/.rbenv/versions/2.5.3/include/ruby-2.5.0/x86_64-darwin19 -I/Users/ryouhitoshiyao/.rbenv/versions/2.5.3/include/ruby-2.5.0/ruby/backward -I/Users/ryouhitoshiyao/.rbenv/versions/2.5.3/include/ruby-2.5.0 -I. -I/usr/local/include -I/Users/ryouhitoshiyao/.rbenv/versions/2.5.3/include  -D_XOPEN_SOURCE -D_DARWIN_C_SOURCE -D_DARWIN_UNLIMITED_SELECT -D_REENTRANT   -O3 -ggdb3 -Wall -Wextra -Wno-unused-parameter -Wno-parentheses -Wno-long-long -Wno-missing-field-initializers -Wno-tautological-compare -Wno-parentheses-equality -Wno-constant-logical-operand -Wno-self-assign -Wunused-variable -Wimplicit-int -Wpointer-arith -Wwrite-strings -Wdeclaration-after-statement -Wshorten-64-to-32 -Wimplicit-function-declaration -Wdivision-by-zero -Wdeprecated-declarations -Wextra-tokens  -pipe conftest.c  -L. -L/Users/ryouhitoshiyao/.rbenv/versions/2.5.3/lib -L/usr/local/lib -L. -L/Users/ryouhitoshiyao/.rbenv/versions/2.5.3/lib  -fstack-protector -L/usr/local/lib -Wl,-rpath,/usr/local/lib    -lpq  -lruby.2.5.3-static -framework Foundation -lpq  -lpthread -lgmp -ldl -lobjc "
conftest.c:13:57: error: use of undeclared identifier 'PQconninfo'
int t(void) { void ((*volatile p)()); p = (void ((*)()))PQconninfo; return !p; }
                                                        ^
1 error generated.
checked program was:
/* begin */
 1: #include "ruby.h"
 2: 
 3: /*top*/
 4: extern int t(void);
 5: int main(int argc, char **argv)
 6: {
 7:   if (argc > 1000000) {
 8:     printf("%p", &t);
 9:   }
10: 
11:   return 0;
12: }
13: int t(void) { void ((*volatile p)()); p = (void ((*)()))PQconninfo; return !p; }
/* end */

"clang -o conftest -I/Users/ryouhitoshiyao/.rbenv/versions/2.5.3/include/ruby-2.5.0/x86_64-darwin19 -I/Users/ryouhitoshiyao/.rbenv/versions/2.5.3/include/ruby-2.5.0/ruby/backward -I/Users/ryouhitoshiyao/.rbenv/versions/2.5.3/include/ruby-2.5.0 -I. -I/usr/local/include -I/Users/ryouhitoshiyao/.rbenv/versions/2.5.3/include  -D_XOPEN_SOURCE -D_DARWIN_C_SOURCE -D_DARWIN_UNLIMITED_SELECT -D_REENTRANT   -O3 -ggdb3 -Wall -Wextra -Wno-unused-parameter -Wno-parentheses -Wno-long-long -Wno-missing-field-initializers -Wno-tautological-compare -Wno-parentheses-equality -Wno-constant-logical-operand -Wno-self-assign -Wunused-variable -Wimplicit-int -Wpointer-arith -Wwrite-strings -Wdeclaration-after-statement -Wshorten-64-to-32 -Wimplicit-function-declaration -Wdivision-by-zero -Wdeprecated-declarations -Wextra-tokens  -pipe conftest.c  -L. -L/Users/ryouhitoshiyao/.rbenv/versions/2.5.3/lib -L/usr/local/lib -L. -L/Users/ryouhitoshiyao/.rbenv/versions/2.5.3/lib  -fstack-protector -L/usr/local/lib -Wl,-rpath,/usr/local/lib    -lpq  -lruby.2.5.3-static -framework Foundation -lpq  -lpthread -lgmp -ldl -lobjc "
checked program was:
/* begin */
 1: #include "ruby.h"
 2: 
 3: /*top*/
 4: extern int t(void);
 5: int main(int argc, char **argv)
 6: {
 7:   if (argc > 1000000) {
 8:     printf("%p", &t);
 9:   }
10: 
11:   return 0;
12: }
13: extern void PQconninfo();
14: int t(void) { PQconninfo(); return 0; }
/* end */

--------------------

have_func: checking for PQsslAttribute()... -------------------- yes

"clang -o conftest -I/Users/ryouhitoshiyao/.rbenv/versions/2.5.3/include/ruby-2.5.0/x86_64-darwin19 -I/Users/ryouhitoshiyao/.rbenv/versions/2.5.3/include/ruby-2.5.0/ruby/backward -I/Users/ryouhitoshiyao/.rbenv/versions/2.5.3/include/ruby-2.5.0 -I. -I/usr/local/include -I/Users/ryouhitoshiyao/.rbenv/versions/2.5.3/include  -D_XOPEN_SOURCE -D_DARWIN_C_SOURCE -D_DARWIN_UNLIMITED_SELECT -D_REENTRANT   -O3 -ggdb3 -Wall -Wextra -Wno-unused-parameter -Wno-parentheses -Wno-long-long -Wno-missing-field-initializers -Wno-tautological-compare -Wno-parentheses-equality -Wno-constant-logical-operand -Wno-self-assign -Wunused-variable -Wimplicit-int -Wpointer-arith -Wwrite-strings -Wdeclaration-after-statement -Wshorten-64-to-32 -Wimplicit-function-declaration -Wdivision-by-zero -Wdeprecated-declarations -Wextra-tokens  -pipe conftest.c  -L. -L/Users/ryouhitoshiyao/.rbenv/versions/2.5.3/lib -L/usr/local/lib -L. -L/Users/ryouhitoshiyao/.rbenv/versions/2.5.3/lib  -fstack-protector -L/usr/local/lib -Wl,-rpath,/usr/local/lib    -lpq  -lruby.2.5.3-static -framework Foundation -lpq  -lpthread -lgmp -ldl -lobjc "
conftest.c:13:57: error: use of undeclared identifier 'PQsslAttribute'
int t(void) { void ((*volatile p)()); p = (void ((*)()))PQsslAttribute; return !p; }
                                                        ^
1 error generated.
checked program was:
/* begin */
 1: #include "ruby.h"
 2: 
 3: /*top*/
 4: extern int t(void);
 5: int main(int argc, char **argv)
 6: {
 7:   if (argc > 1000000) {
 8:     printf("%p", &t);
 9:   }
10: 
11:   return 0;
12: }
13: int t(void) { void ((*volatile p)()); p = (void ((*)()))PQsslAttribute; return !p; }
/* end */

"clang -o conftest -I/Users/ryouhitoshiyao/.rbenv/versions/2.5.3/include/ruby-2.5.0/x86_64-darwin19 -I/Users/ryouhitoshiyao/.rbenv/versions/2.5.3/include/ruby-2.5.0/ruby/backward -I/Users/ryouhitoshiyao/.rbenv/versions/2.5.3/include/ruby-2.5.0 -I. -I/usr/local/include -I/Users/ryouhitoshiyao/.rbenv/versions/2.5.3/include  -D_XOPEN_SOURCE -D_DARWIN_C_SOURCE -D_DARWIN_UNLIMITED_SELECT -D_REENTRANT   -O3 -ggdb3 -Wall -Wextra -Wno-unused-parameter -Wno-parentheses -Wno-long-long -Wno-missing-field-initializers -Wno-tautological-compare -Wno-parentheses-equality -Wno-constant-logical-operand -Wno-self-assign -Wunused-variable -Wimplicit-int -Wpointer-arith -Wwrite-strings -Wdeclaration-after-statement -Wshorten-64-to-32 -Wimplicit-function-declaration -Wdivision-by-zero -Wdeprecated-declarations -Wextra-tokens  -pipe conftest.c  -L. -L/Users/ryouhitoshiyao/.rbenv/versions/2.5.3/lib -L/usr/local/lib -L. -L/Users/ryouhitoshiyao/.rbenv/versions/2.5.3/lib  -fstack-protector -L/usr/local/lib -Wl,-rpath,/usr/local/lib    -lpq  -lruby.2.5.3-static -framework Foundation -lpq  -lpthread -lgmp -ldl -lobjc "
checked program was:
/* begin */
 1: #include "ruby.h"
 2: 
 3: /*top*/
 4: extern int t(void);
 5: int main(int argc, char **argv)
 6: {
 7:   if (argc > 1000000) {
 8:     printf("%p", &t);
 9:   }
10: 
11:   return 0;
12: }
13: extern void PQsslAttribute();
14: int t(void) { PQsslAttribute(); return 0; }
/* end */

--------------------

have_func: checking for PQresultVerboseErrorMessage()... -------------------- yes

"clang -o conftest -I/Users/ryouhitoshiyao/.rbenv/versions/2.5.3/include/ruby-2.5.0/x86_64-darwin19 -I/Users/ryouhitoshiyao/.rbenv/versions/2.5.3/include/ruby-2.5.0/ruby/backward -I/Users/ryouhitoshiyao/.rbenv/versions/2.5.3/include/ruby-2.5.0 -I. -I/usr/local/include -I/Users/ryouhitoshiyao/.rbenv/versions/2.5.3/include  -D_XOPEN_SOURCE -D_DARWIN_C_SOURCE -D_DARWIN_UNLIMITED_SELECT -D_REENTRANT   -O3 -ggdb3 -Wall -Wextra -Wno-unused-parameter -Wno-parentheses -Wno-long-long -Wno-missing-field-initializers -Wno-tautological-compare -Wno-parentheses-equality -Wno-constant-logical-operand -Wno-self-assign -Wunused-variable -Wimplicit-int -Wpointer-arith -Wwrite-strings -Wdeclaration-after-statement -Wshorten-64-to-32 -Wimplicit-function-declaration -Wdivision-by-zero -Wdeprecated-declarations -Wextra-tokens  -pipe conftest.c  -L. -L/Users/ryouhitoshiyao/.rbenv/versions/2.5.3/lib -L/usr/local/lib -L. -L/Users/ryouhitoshiyao/.rbenv/versions/2.5.3/lib  -fstack-protector -L/usr/local/lib -Wl,-rpath,/usr/local/lib    -lpq  -lruby.2.5.3-static -framework Foundation -lpq  -lpthread -lgmp -ldl -lobjc "
conftest.c:13:57: error: use of undeclared identifier 'PQresultVerboseErrorMessage'
int t(void) { void ((*volatile p)()); p = (void ((*)()))PQresultVerboseErrorMessage; return !p; }
                                                        ^
1 error generated.
checked program was:
/* begin */
 1: #include "ruby.h"
 2: 
 3: /*top*/
 4: extern int t(void);
 5: int main(int argc, char **argv)
 6: {
 7:   if (argc > 1000000) {
 8:     printf("%p", &t);
 9:   }
10: 
11:   return 0;
12: }
13: int t(void) { void ((*volatile p)()); p = (void ((*)()))PQresultVerboseErrorMessage; return !p; }
/* end */

"clang -o conftest -I/Users/ryouhitoshiyao/.rbenv/versions/2.5.3/include/ruby-2.5.0/x86_64-darwin19 -I/Users/ryouhitoshiyao/.rbenv/versions/2.5.3/include/ruby-2.5.0/ruby/backward -I/Users/ryouhitoshiyao/.rbenv/versions/2.5.3/include/ruby-2.5.0 -I. -I/usr/local/include -I/Users/ryouhitoshiyao/.rbenv/versions/2.5.3/include  -D_XOPEN_SOURCE -D_DARWIN_C_SOURCE -D_DARWIN_UNLIMITED_SELECT -D_REENTRANT   -O3 -ggdb3 -Wall -Wextra -Wno-unused-parameter -Wno-parentheses -Wno-long-long -Wno-missing-field-initializers -Wno-tautological-compare -Wno-parentheses-equality -Wno-constant-logical-operand -Wno-self-assign -Wunused-variable -Wimplicit-int -Wpointer-arith -Wwrite-strings -Wdeclaration-after-statement -Wshorten-64-to-32 -Wimplicit-function-declaration -Wdivision-by-zero -Wdeprecated-declarations -Wextra-tokens  -pipe conftest.c  -L. -L/Users/ryouhitoshiyao/.rbenv/versions/2.5.3/lib -L/usr/local/lib -L. -L/Users/ryouhitoshiyao/.rbenv/versions/2.5.3/lib  -fstack-protector -L/usr/local/lib -Wl,-rpath,/usr/local/lib    -lpq  -lruby.2.5.3-static -framework Foundation -lpq  -lpthread -lgmp -ldl -lobjc "
checked program was:
/* begin */
 1: #include "ruby.h"
 2: 
 3: /*top*/
 4: extern int t(void);
 5: int main(int argc, char **argv)
 6: {
 7:   if (argc > 1000000) {
 8:     printf("%p", &t);
 9:   }
10: 
11:   return 0;
12: }
13: extern void PQresultVerboseErrorMessage();
14: int t(void) { PQresultVerboseErrorMessage(); return 0; }
/* end */

--------------------

have_func: checking for PQencryptPasswordConn()... -------------------- yes

"clang -o conftest -I/Users/ryouhitoshiyao/.rbenv/versions/2.5.3/include/ruby-2.5.0/x86_64-darwin19 -I/Users/ryouhitoshiyao/.rbenv/versions/2.5.3/include/ruby-2.5.0/ruby/backward -I/Users/ryouhitoshiyao/.rbenv/versions/2.5.3/include/ruby-2.5.0 -I. -I/usr/local/include -I/Users/ryouhitoshiyao/.rbenv/versions/2.5.3/include  -D_XOPEN_SOURCE -D_DARWIN_C_SOURCE -D_DARWIN_UNLIMITED_SELECT -D_REENTRANT   -O3 -ggdb3 -Wall -Wextra -Wno-unused-parameter -Wno-parentheses -Wno-long-long -Wno-missing-field-initializers -Wno-tautological-compare -Wno-parentheses-equality -Wno-constant-logical-operand -Wno-self-assign -Wunused-variable -Wimplicit-int -Wpointer-arith -Wwrite-strings -Wdeclaration-after-statement -Wshorten-64-to-32 -Wimplicit-function-declaration -Wdivision-by-zero -Wdeprecated-declarations -Wextra-tokens  -pipe conftest.c  -L. -L/Users/ryouhitoshiyao/.rbenv/versions/2.5.3/lib -L/usr/local/lib -L. -L/Users/ryouhitoshiyao/.rbenv/versions/2.5.3/lib  -fstack-protector -L/usr/local/lib -Wl,-rpath,/usr/local/lib    -lpq  -lruby.2.5.3-static -framework Foundation -lpq  -lpthread -lgmp -ldl -lobjc "
conftest.c:13:57: error: use of undeclared identifier 'PQencryptPasswordConn'
int t(void) { void ((*volatile p)()); p = (void ((*)()))PQencryptPasswordConn; return !p; }
                                                        ^
1 error generated.
checked program was:
/* begin */
 1: #include "ruby.h"
 2: 
 3: /*top*/
 4: extern int t(void);
 5: int main(int argc, char **argv)
 6: {
 7:   if (argc > 1000000) {
 8:     printf("%p", &t);
 9:   }
10: 
11:   return 0;
12: }
13: int t(void) { void ((*volatile p)()); p = (void ((*)()))PQencryptPasswordConn; return !p; }
/* end */

"clang -o conftest -I/Users/ryouhitoshiyao/.rbenv/versions/2.5.3/include/ruby-2.5.0/x86_64-darwin19 -I/Users/ryouhitoshiyao/.rbenv/versions/2.5.3/include/ruby-2.5.0/ruby/backward -I/Users/ryouhitoshiyao/.rbenv/versions/2.5.3/include/ruby-2.5.0 -I. -I/usr/local/include -I/Users/ryouhitoshiyao/.rbenv/versions/2.5.3/include  -D_XOPEN_SOURCE -D_DARWIN_C_SOURCE -D_DARWIN_UNLIMITED_SELECT -D_REENTRANT   -O3 -ggdb3 -Wall -Wextra -Wno-unused-parameter -Wno-parentheses -Wno-long-long -Wno-missing-field-initializers -Wno-tautological-compare -Wno-parentheses-equality -Wno-constant-logical-operand -Wno-self-assign -Wunused-variable -Wimplicit-int -Wpointer-arith -Wwrite-strings -Wdeclaration-after-statement -Wshorten-64-to-32 -Wimplicit-function-declaration -Wdivision-by-zero -Wdeprecated-declarations -Wextra-tokens  -pipe conftest.c  -L. -L/Users/ryouhitoshiyao/.rbenv/versions/2.5.3/lib -L/usr/local/lib -L. -L/Users/ryouhitoshiyao/.rbenv/versions/2.5.3/lib  -fstack-protector -L/usr/local/lib -Wl,-rpath,/usr/local/lib    -lpq  -lruby.2.5.3-static -framework Foundation -lpq  -lpthread -lgmp -ldl -lobjc "
checked program was:
/* begin */
 1: #include "ruby.h"
 2: 
 3: /*top*/
 4: extern int t(void);
 5: int main(int argc, char **argv)
 6: {
 7:   if (argc > 1000000) {
 8:     printf("%p", &t);
 9:   }
10: 
11:   return 0;
12: }
13: extern void PQencryptPasswordConn();
14: int t(void) { PQencryptPasswordConn(); return 0; }
/* end */

--------------------

have_func: checking for PQresultMemorySize()... -------------------- yes

"clang -o conftest -I/Users/ryouhitoshiyao/.rbenv/versions/2.5.3/include/ruby-2.5.0/x86_64-darwin19 -I/Users/ryouhitoshiyao/.rbenv/versions/2.5.3/include/ruby-2.5.0/ruby/backward -I/Users/ryouhitoshiyao/.rbenv/versions/2.5.3/include/ruby-2.5.0 -I. -I/usr/local/include -I/Users/ryouhitoshiyao/.rbenv/versions/2.5.3/include  -D_XOPEN_SOURCE -D_DARWIN_C_SOURCE -D_DARWIN_UNLIMITED_SELECT -D_REENTRANT   -O3 -ggdb3 -Wall -Wextra -Wno-unused-parameter -Wno-parentheses -Wno-long-long -Wno-missing-field-initializers -Wno-tautological-compare -Wno-parentheses-equality -Wno-constant-logical-operand -Wno-self-assign -Wunused-variable -Wimplicit-int -Wpointer-arith -Wwrite-strings -Wdeclaration-after-statement -Wshorten-64-to-32 -Wimplicit-function-declaration -Wdivision-by-zero -Wdeprecated-declarations -Wextra-tokens  -pipe conftest.c  -L. -L/Users/ryouhitoshiyao/.rbenv/versions/2.5.3/lib -L/usr/local/lib -L. -L/Users/ryouhitoshiyao/.rbenv/versions/2.5.3/lib  -fstack-protector -L/usr/local/lib -Wl,-rpath,/usr/local/lib    -lpq  -lruby.2.5.3-static -framework Foundation -lpq  -lpthread -lgmp -ldl -lobjc "
conftest.c:13:57: error: use of undeclared identifier 'PQresultMemorySize'
int t(void) { void ((*volatile p)()); p = (void ((*)()))PQresultMemorySize; return !p; }
                                                        ^
1 error generated.
checked program was:
/* begin */
 1: #include "ruby.h"
 2: 
 3: /*top*/
 4: extern int t(void);
 5: int main(int argc, char **argv)
 6: {
 7:   if (argc > 1000000) {
 8:     printf("%p", &t);
 9:   }
10: 
11:   return 0;
12: }
13: int t(void) { void ((*volatile p)()); p = (void ((*)()))PQresultMemorySize; return !p; }
/* end */

"clang -o conftest -I/Users/ryouhitoshiyao/.rbenv/versions/2.5.3/include/ruby-2.5.0/x86_64-darwin19 -I/Users/ryouhitoshiyao/.rbenv/versions/2.5.3/include/ruby-2.5.0/ruby/backward -I/Users/ryouhitoshiyao/.rbenv/versions/2.5.3/include/ruby-2.5.0 -I. -I/usr/local/include -I/Users/ryouhitoshiyao/.rbenv/versions/2.5.3/include  -D_XOPEN_SOURCE -D_DARWIN_C_SOURCE -D_DARWIN_UNLIMITED_SELECT -D_REENTRANT   -O3 -ggdb3 -Wall -Wextra -Wno-unused-parameter -Wno-parentheses -Wno-long-long -Wno-missing-field-initializers -Wno-tautological-compare -Wno-parentheses-equality -Wno-constant-logical-operand -Wno-self-assign -Wunused-variable -Wimplicit-int -Wpointer-arith -Wwrite-strings -Wdeclaration-after-statement -Wshorten-64-to-32 -Wimplicit-function-declaration -Wdivision-by-zero -Wdeprecated-declarations -Wextra-tokens  -pipe conftest.c  -L. -L/Users/ryouhitoshiyao/.rbenv/versions/2.5.3/lib -L/usr/local/lib -L. -L/Users/ryouhitoshiyao/.rbenv/versions/2.5.3/lib  -fstack-protector -L/usr/local/lib -Wl,-rpath,/usr/local/lib    -lpq  -lruby.2.5.3-static -framework Foundation -lpq  -lpthread -lgmp -ldl -lobjc "
checked program was:
/* begin */
 1: #include "ruby.h"
 2: 
 3: /*top*/
 4: extern int t(void);
 5: int main(int argc, char **argv)
 6: {
 7:   if (argc > 1000000) {
 8:     printf("%p", &t);
 9:   }
10: 
11:   return 0;
12: }
13: extern void PQresultMemorySize();
14: int t(void) { PQresultMemorySize(); return 0; }
/* end */

--------------------

have_func: checking for timegm()... -------------------- yes

"clang -o conftest -I/Users/ryouhitoshiyao/.rbenv/versions/2.5.3/include/ruby-2.5.0/x86_64-darwin19 -I/Users/ryouhitoshiyao/.rbenv/versions/2.5.3/include/ruby-2.5.0/ruby/backward -I/Users/ryouhitoshiyao/.rbenv/versions/2.5.3/include/ruby-2.5.0 -I. -I/usr/local/include -I/Users/ryouhitoshiyao/.rbenv/versions/2.5.3/include  -D_XOPEN_SOURCE -D_DARWIN_C_SOURCE -D_DARWIN_UNLIMITED_SELECT -D_REENTRANT   -O3 -ggdb3 -Wall -Wextra -Wno-unused-parameter -Wno-parentheses -Wno-long-long -Wno-missing-field-initializers -Wno-tautological-compare -Wno-parentheses-equality -Wno-constant-logical-operand -Wno-self-assign -Wunused-variable -Wimplicit-int -Wpointer-arith -Wwrite-strings -Wdeclaration-after-statement -Wshorten-64-to-32 -Wimplicit-function-declaration -Wdivision-by-zero -Wdeprecated-declarations -Wextra-tokens  -pipe conftest.c  -L. -L/Users/ryouhitoshiyao/.rbenv/versions/2.5.3/lib -L/usr/local/lib -L. -L/Users/ryouhitoshiyao/.rbenv/versions/2.5.3/lib  -fstack-protector -L/usr/local/lib -Wl,-rpath,/usr/local/lib    -lpq  -lruby.2.5.3-static -framework Foundation -lpq  -lpthread -lgmp -ldl -lobjc "
conftest.c:13:57: error: use of undeclared identifier 'timegm'
int t(void) { void ((*volatile p)()); p = (void ((*)()))timegm; return !p; }
                                                        ^
1 error generated.
checked program was:
/* begin */
 1: #include "ruby.h"
 2: 
 3: /*top*/
 4: extern int t(void);
 5: int main(int argc, char **argv)
 6: {
 7:   if (argc > 1000000) {
 8:     printf("%p", &t);
 9:   }
10: 
11:   return 0;
12: }
13: int t(void) { void ((*volatile p)()); p = (void ((*)()))timegm; return !p; }
/* end */

"clang -o conftest -I/Users/ryouhitoshiyao/.rbenv/versions/2.5.3/include/ruby-2.5.0/x86_64-darwin19 -I/Users/ryouhitoshiyao/.rbenv/versions/2.5.3/include/ruby-2.5.0/ruby/backward -I/Users/ryouhitoshiyao/.rbenv/versions/2.5.3/include/ruby-2.5.0 -I. -I/usr/local/include -I/Users/ryouhitoshiyao/.rbenv/versions/2.5.3/include  -D_XOPEN_SOURCE -D_DARWIN_C_SOURCE -D_DARWIN_UNLIMITED_SELECT -D_REENTRANT   -O3 -ggdb3 -Wall -Wextra -Wno-unused-parameter -Wno-parentheses -Wno-long-long -Wno-missing-field-initializers -Wno-tautological-compare -Wno-parentheses-equality -Wno-constant-logical-operand -Wno-self-assign -Wunused-variable -Wimplicit-int -Wpointer-arith -Wwrite-strings -Wdeclaration-after-statement -Wshorten-64-to-32 -Wimplicit-function-declaration -Wdivision-by-zero -Wdeprecated-declarations -Wextra-tokens  -pipe conftest.c  -L. -L/Users/ryouhitoshiyao/.rbenv/versions/2.5.3/lib -L/usr/local/lib -L. -L/Users/ryouhitoshiyao/.rbenv/versions/2.5.3/lib  -fstack-protector -L/usr/local/lib -Wl,-rpath,/usr/local/lib    -lpq  -lruby.2.5.3-static -framework Foundation -lpq  -lpthread -lgmp -ldl -lobjc "
checked program was:
/* begin */
 1: #include "ruby.h"
 2: 
 3: /*top*/
 4: extern int t(void);
 5: int main(int argc, char **argv)
 6: {
 7:   if (argc > 1000000) {
 8:     printf("%p", &t);
 9:   }
10: 
11:   return 0;
12: }
13: extern void timegm();
14: int t(void) { timegm(); return 0; }
/* end */

--------------------

have_func: checking for rb_gc_adjust_memory_usage()... -------------------- yes

"clang -o conftest -I/Users/ryouhitoshiyao/.rbenv/versions/2.5.3/include/ruby-2.5.0/x86_64-darwin19 -I/Users/ryouhitoshiyao/.rbenv/versions/2.5.3/include/ruby-2.5.0/ruby/backward -I/Users/ryouhitoshiyao/.rbenv/versions/2.5.3/include/ruby-2.5.0 -I. -I/usr/local/include -I/Users/ryouhitoshiyao/.rbenv/versions/2.5.3/include  -D_XOPEN_SOURCE -D_DARWIN_C_SOURCE -D_DARWIN_UNLIMITED_SELECT -D_REENTRANT   -O3 -ggdb3 -Wall -Wextra -Wno-unused-parameter -Wno-parentheses -Wno-long-long -Wno-missing-field-initializers -Wno-tautological-compare -Wno-parentheses-equality -Wno-constant-logical-operand -Wno-self-assign -Wunused-variable -Wimplicit-int -Wpointer-arith -Wwrite-strings -Wdeclaration-after-statement -Wshorten-64-to-32 -Wimplicit-function-declaration -Wdivision-by-zero -Wdeprecated-declarations -Wextra-tokens  -pipe conftest.c  -L. -L/Users/ryouhitoshiyao/.rbenv/versions/2.5.3/lib -L/usr/local/lib -L. -L/Users/ryouhitoshiyao/.rbenv/versions/2.5.3/lib  -fstack-protector -L/usr/local/lib -Wl,-rpath,/usr/local/lib    -lpq  -lruby.2.5.3-static -framework Foundation -lpq  -lpthread -lgmp -ldl -lobjc "
checked program was:
/* begin */
 1: #include "ruby.h"
 2: 
 3: /*top*/
 4: extern int t(void);
 5: int main(int argc, char **argv)
 6: {
 7:   if (argc > 1000000) {
 8:     printf("%p", &t);
 9:   }
10: 
11:   return 0;
12: }
13: int t(void) { void ((*volatile p)()); p = (void ((*)()))rb_gc_adjust_memory_usage; return !p; }
/* end */

--------------------

have_header: checking for unistd.h... -------------------- yes

"clang -E -I/Users/ryouhitoshiyao/.rbenv/versions/2.5.3/include/ruby-2.5.0/x86_64-darwin19 -I/Users/ryouhitoshiyao/.rbenv/versions/2.5.3/include/ruby-2.5.0/ruby/backward -I/Users/ryouhitoshiyao/.rbenv/versions/2.5.3/include/ruby-2.5.0 -I. -I/usr/local/include -I/Users/ryouhitoshiyao/.rbenv/versions/2.5.3/include  -D_XOPEN_SOURCE -D_DARWIN_C_SOURCE -D_DARWIN_UNLIMITED_SELECT -D_REENTRANT   -O3 -ggdb3 -Wall -Wextra -Wno-unused-parameter -Wno-parentheses -Wno-long-long -Wno-missing-field-initializers -Wno-tautological-compare -Wno-parentheses-equality -Wno-constant-logical-operand -Wno-self-assign -Wunused-variable -Wimplicit-int -Wpointer-arith -Wwrite-strings -Wdeclaration-after-statement -Wshorten-64-to-32 -Wimplicit-function-declaration -Wdivision-by-zero -Wdeprecated-declarations -Wextra-tokens  -pipe  conftest.c -o conftest.i"
checked program was:
/* begin */
1: #include "ruby.h"
2: 
3: #include <unistd.h>
/* end */

--------------------

have_header: checking for inttypes.h... -------------------- yes

"clang -E -I/Users/ryouhitoshiyao/.rbenv/versions/2.5.3/include/ruby-2.5.0/x86_64-darwin19 -I/Users/ryouhitoshiyao/.rbenv/versions/2.5.3/include/ruby-2.5.0/ruby/backward -I/Users/ryouhitoshiyao/.rbenv/versions/2.5.3/include/ruby-2.5.0 -I. -I/usr/local/include -I/Users/ryouhitoshiyao/.rbenv/versions/2.5.3/include  -D_XOPEN_SOURCE -D_DARWIN_C_SOURCE -D_DARWIN_UNLIMITED_SELECT -D_REENTRANT   -O3 -ggdb3 -Wall -Wextra -Wno-unused-parameter -Wno-parentheses -Wno-long-long -Wno-missing-field-initializers -Wno-tautological-compare -Wno-parentheses-equality -Wno-constant-logical-operand -Wno-self-assign -Wunused-variable -Wimplicit-int -Wpointer-arith -Wwrite-strings -Wdeclaration-after-statement -Wshorten-64-to-32 -Wimplicit-function-declaration -Wdivision-by-zero -Wdeprecated-declarations -Wextra-tokens  -pipe  conftest.c -o conftest.i"
checked program was:
/* begin */
1: #include "ruby.h"
2: 
3: #include <inttypes.h>
/* end */

--------------------

checking for C99 variable length arrays... -------------------- yes

"clang -I/Users/ryouhitoshiyao/.rbenv/versions/2.5.3/include/ruby-2.5.0/x86_64-darwin19 -I/Users/ryouhitoshiyao/.rbenv/versions/2.5.3/include/ruby-2.5.0/ruby/backward -I/Users/ryouhitoshiyao/.rbenv/versions/2.5.3/include/ruby-2.5.0 -I. -I/usr/local/include -I/Users/ryouhitoshiyao/.rbenv/versions/2.5.3/include  -D_XOPEN_SOURCE -D_DARWIN_C_SOURCE -D_DARWIN_UNLIMITED_SELECT -D_REENTRANT   -O3 -ggdb3 -Wall -Wextra -Wno-unused-parameter -Wno-parentheses -Wno-long-long -Wno-missing-field-initializers -Wno-tautological-compare -Wno-parentheses-equality -Wno-constant-logical-operand -Wno-self-assign -Wunused-variable -Wimplicit-int -Wpointer-arith -Wwrite-strings -Wdeclaration-after-statement -Wshorten-64-to-32 -Wimplicit-function-declaration -Wdivision-by-zero -Wdeprecated-declarations -Wextra-tokens  -pipe   -c conftest.c"
conftest.c:3:27: warning: unused variable 'vla' [-Wunused-variable]
void test_vla(int l){ int vla[l]; }
                          ^
1 warning generated.
checked program was:
/* begin */
1: #include "ruby.h"
2: 
3: void test_vla(int l){ int vla[l]; }
/* end */

--------------------

extconf.h is:
/* begin */
 1: #ifndef EXTCONF_H
 2: #define EXTCONF_H
 3: #define HAVE_PQSETSINGLEROWMODE 1
 4: #define HAVE_PQCONNINFO 1
 5: #define HAVE_PQSSLATTRIBUTE 1
 6: #define HAVE_PQRESULTVERBOSEERRORMESSAGE 1
 7: #define HAVE_PQENCRYPTPASSWORDCONN 1
 8: #define HAVE_PQRESULTMEMORYSIZE 1
 9: #define HAVE_TIMEGM 1
10: #define HAVE_RB_GC_ADJUST_MEMORY_USAGE 1
11: #define HAVE_UNISTD_H 1
12: #define HAVE_INTTYPES_H 1
13: #define HAVE_VARIABLE_LENGTH_ARRAYS 1
14: #endif
/* end */

